usage: run_r5_r10_pipeline.py [-h] [--output-root OUTPUT_ROOT]
                              [--run-id RUN_ID]
                              [--start-stage {R5,R7,R8,R9,R10,R11}]
                              [--stop-after-stage {,R5,R7,R8,R9,R10,R11}]
                              [--resume] [--no-resume] [--repair-incomplete]
                              [--no-repair-incomplete] [--dry-run-schedule]
                              [--workers WORKERS] [--max-workers MAX_WORKERS]
                              [--storage-format {auto,parquet,csv_gz,csv}]
                              [--compression-level COMPRESSION_LEVEL]
                              [--candidate-chunk-size CANDIDATE_CHUNK_SIZE]
                              [--r10-mode {full,reduced_diagnostic_50}]
                              [--allow-stage-smoke ALLOW_STAGE_SMOKE]
                              [--continue-on-stage-failure CONTINUE_ON_STAGE_FAILURE]

Run the full R5-R10 evidence pipeline with repeated docs alignment.

options:
  -h, --help            show this help message and exit
  --output-root OUTPUT_ROOT
  --run-id RUN_ID
  --start-stage {R5,R7,R8,R9,R10,R11}
  --stop-after-stage {,R5,R7,R8,R9,R10,R11}
  --resume
  --no-resume
  --repair-incomplete
  --no-repair-incomplete
  --dry-run-schedule
  --workers WORKERS
  --max-workers MAX_WORKERS
  --storage-format {auto,parquet,csv_gz,csv}
  --compression-level COMPRESSION_LEVEL
  --candidate-chunk-size CANDIDATE_CHUNK_SIZE
  --r10-mode {full,reduced_diagnostic_50}
  --allow-stage-smoke ALLOW_STAGE_SMOKE
  --continue-on-stage-failure CONTINUE_ON_STAGE_FAILURE
